[INFO] Scanning for projects...
[INFO] 
[INFO] ---------------------------< com.tm:tm-api >----------------------------
[INFO] Building tm-api 0.0.1-SNAPSHOT
[INFO]   from pom.xml
[INFO] --------------------------------[ jar ]---------------------------------
[INFO] 
[INFO] >>> spring-boot:3.2.2:run (default-cli) > test-compile @ tm-api >>>
[INFO] 
[INFO] --- resources:3.3.1:resources (default-resources) @ tm-api ---
[INFO] Copying 1 resource from src\main\resources to target\classes
[INFO] Copying 1 resource from src\main\resources to target\classes
[INFO] 
[INFO] --- compiler:3.11.0:compile (default-compile) @ tm-api ---
[INFO] Changes detected - recompiling the module! :input tree
[INFO] Compiling 12 source files with javac [debug release 17] to target\classes
[INFO] /D:/GP/tm-api/src/main/java/com/tm/api/model/Task.java: D:\GP\tm-api\src\main\java\com\tm\api\model\Task.java uses or overrides a deprecated API.
[INFO] /D:/GP/tm-api/src/main/java/com/tm/api/model/Task.java: Recompile with -Xlint:deprecation for details.
[INFO] 
[INFO] --- resources:3.3.1:testResources (default-testResources) @ tm-api ---
[INFO] skip non existing resourceDirectory D:\GP\tm-api\src\test\resources
[INFO] 
[INFO] --- compiler:3.11.0:testCompile (default-testCompile) @ tm-api ---
[INFO] Changes detected - recompiling the module! :dependency
[INFO] Compiling 1 source file with javac [debug release 17] to target\test-classes
[INFO] -------------------------------------------------------------
[ERROR] COMPILATION ERROR : 
[INFO] -------------------------------------------------------------
[ERROR] /D:/GP/tm-api/src/test/java/com/tm/api/service/TaskServiceTest.java:[59,43] method findAll in class com.tm.api.service.TaskService cannot be applied to given types;
  required: com.tm.api.model.TaskStatus,org.springframework.data.domain.Pageable
  found:    <nulltype>
  reason: actual and formal argument lists differ in length
[INFO] 1 error
[INFO] -------------------------------------------------------------
[INFO] ------------------------------------------------------------------------
[INFO] BUILD FAILURE
[INFO] ------------------------------------------------------------------------
[INFO] Total time:  10.957 s
[INFO] Finished at: 2026-02-03T10:23:36-03:00
[INFO] ------------------------------------------------------------------------
[ERROR] Failed to execute goal org.apache.maven.plugins:maven-compiler-plugin:3.11.0:testCompile (default-testCompile) on project tm-api: Compilation failure
[ERROR] /D:/GP/tm-api/src/test/java/com/tm/api/service/TaskServiceTest.java:[59,43] method findAll in class com.tm.api.service.TaskService cannot be applied to given types;
[ERROR]   required: com.tm.api.model.TaskStatus,org.springframework.data.domain.Pageable
[ERROR]   found:    <nulltype>
[ERROR]   reason: actual and formal argument lists differ in length
[ERROR] 
[ERROR] -> [Help 1]
[ERROR] 
[ERROR] To see the full stack trace of the errors, re-run Maven with the -e switch.
[ERROR] Re-run Maven using the -X switch to enable full debug logging.
[ERROR] 
[ERROR] For more information about the errors and possible solutions, please read the following articles:
[ERROR] [Help 1] http://cwiki.apache.org/confluence/display/MAVEN/MojoFailureException

D:\GP\tm-api>'d' não é reconhecido como um comando interno
ou externo, um programa operável ou um arquivo em lotes.

D:\GP\tm-api>